[Sun Nov 08 20:10:13 2020] {"OrderId":"107","Amount":1628026,"DATA":{"Email":"dartem.v@gmail.com","Connection_type":"opencart v3"},"Language":"en"}
[Sun Nov 08 20:10:13 2020] {"Success":true,"ErrorCode":"0","TerminalKey":"1603298225827DEMO","Status":"NEW","PaymentId":"356976067","OrderId":"107","Amount":1628026,"PaymentURL":"https://securepay.tinkoff.ru/new/mq8uTXjA"}
[Mon Nov 09 00:39:32 2020] {"OrderId":"110","Amount":1628026,"DATA":{"Email":"dartem.v@gmail.com","Connection_type":"opencart v3"},"Language":"en"}
[Mon Nov 09 00:39:32 2020] {"Success":true,"ErrorCode":"0","TerminalKey":"1603298225827DEMO","Status":"NEW","PaymentId":"357023571","OrderId":"110","Amount":1628026,"PaymentURL":"https://securepay.tinkoff.ru/new/5fJZJ3WB"}
[Mon Nov 09 08:13:11 2020] {"OrderId":"121","Amount":1627696,"DATA":{"Email":"dartem.v@gmail.com","Connection_type":"opencart v3"},"Language":"en"}
[Mon Nov 09 08:13:11 2020] {"Success":true,"ErrorCode":"0","TerminalKey":"1603298225827DEMO","Status":"NEW","PaymentId":"357187006","OrderId":"121","Amount":1627696,"PaymentURL":"https://securepay.tinkoff.ru/new/FB8k2eoQ"}
[Mon Nov 09 08:13:52 2020] {"OrderId":"122","Amount":1627696,"DATA":{"Email":"dartem.v@gmail.com","Connection_type":"opencart v3"},"Language":"en"}
[Mon Nov 09 08:13:52 2020] {"Success":true,"ErrorCode":"0","TerminalKey":"1603298225827DEMO","Status":"NEW","PaymentId":"357187371","OrderId":"122","Amount":1627696,"PaymentURL":"https://securepay.tinkoff.ru/new/nCmU3vu6"}
[Mon Nov 09 08:15:43 2020] {"OrderId":"123","Amount":1627696,"DATA":{"Email":"dartem.v@gmail.com","Connection_type":"opencart v3"},"Language":"en"}
[Mon Nov 09 08:15:43 2020] {"Success":true,"ErrorCode":"0","TerminalKey":"1603298225827DEMO","Status":"NEW","PaymentId":"357188396","OrderId":"123","Amount":1627696,"PaymentURL":"https://securepay.tinkoff.ru/new/pWsMI652"}
[Mon Nov 09 09:12:25 2020] {"OrderId":"124","Amount":1626390,"DATA":{"Email":"dartem.v@gmail.com","Connection_type":"opencart v3"},"Language":"en"}
[Mon Nov 09 09:12:25 2020] {"Success":true,"ErrorCode":"0","TerminalKey":"1603298225827DEMO","Status":"NEW","PaymentId":"357218605","OrderId":"124","Amount":1626390,"PaymentURL":"https://securepay.tinkoff.ru/new/FyZtHfy4"}
[Mon Nov 09 09:12:41 2020] {"OrderId":"125","Amount":1627696,"DATA":{"Email":"dartem.v@gmail.com","Connection_type":"opencart v3"},"Language":"en"}
[Mon Nov 09 09:12:41 2020] {"Success":true,"ErrorCode":"0","TerminalKey":"1603298225827DEMO","Status":"NEW","PaymentId":"357218766","OrderId":"125","Amount":1627696,"PaymentURL":"https://securepay.tinkoff.ru/new/NYvjTsQh"}
[Mon Nov 09 09:15:12 2020] {"OrderId":"126","Amount":2970,"DATA":{"Email":"dartem.v@gmail.com","Connection_type":"opencart v3"},"Language":"en"}
[Mon Nov 09 09:15:12 2020] {"Success":true,"ErrorCode":"0","TerminalKey":"1603298225827DEMO","Status":"NEW","PaymentId":"357220179","OrderId":"126","Amount":2970,"PaymentURL":"https://securepay.tinkoff.ru/new/ob48Jiix"}
[Mon Nov 09 09:19:25 2020] {"OrderId":"127","Amount":1626390,"DATA":{"Email":"dartem.v@gmail.com","Connection_type":"opencart v3"},"Language":"en"}
[Mon Nov 09 09:19:25 2020] {"Success":true,"ErrorCode":"0","TerminalKey":"1603298225827DEMO","Status":"NEW","PaymentId":"357222639","OrderId":"127","Amount":1626390,"PaymentURL":"https://securepay.tinkoff.ru/new/GOMzzsub"}
[Mon Nov 09 09:20:11 2020] {"OrderId":"128","Amount":1626390,"DATA":{"Email":"dartem.v@gmail.com","Connection_type":"opencart v3"},"Language":"en"}
[Mon Nov 09 09:20:11 2020] {"Success":true,"ErrorCode":"0","TerminalKey":"1603298225827DEMO","Status":"NEW","PaymentId":"357223076","OrderId":"128","Amount":1626390,"PaymentURL":"https://securepay.tinkoff.ru/new/wbFqMHAr"}
[Mon Nov 09 09:20:22 2020] {"OrderId":"129","Amount":1627696,"DATA":{"Email":"dartem.v@gmail.com","Connection_type":"opencart v3"},"Language":"en"}
[Mon Nov 09 09:20:22 2020] {"Success":true,"ErrorCode":"0","TerminalKey":"1603298225827DEMO","Status":"NEW","PaymentId":"357223211","OrderId":"129","Amount":1627696,"PaymentURL":"https://securepay.tinkoff.ru/new/RLtdRlur"}
[Mon Nov 09 09:21:03 2020] {"OrderId":"130","Amount":2970,"DATA":{"Email":"dartem.v@gmail.com","Connection_type":"opencart v3"},"Language":"en"}
[Mon Nov 09 09:21:03 2020] {"Success":true,"ErrorCode":"0","TerminalKey":"1603298225827DEMO","Status":"NEW","PaymentId":"357223635","OrderId":"130","Amount":2970,"PaymentURL":"https://securepay.tinkoff.ru/new/HIcjIRIi"}
[Mon Nov 09 09:21:15 2020] {"OrderId":"131","Amount":1626390,"DATA":{"Email":"dartem.v@gmail.com","Connection_type":"opencart v3"},"Language":"en"}
[Mon Nov 09 09:21:15 2020] {"Success":true,"ErrorCode":"0","TerminalKey":"1603298225827DEMO","Status":"NEW","PaymentId":"357223783","OrderId":"131","Amount":1626390,"PaymentURL":"https://securepay.tinkoff.ru/new/FKUXqiPC"}
[Mon Nov 09 09:21:49 2020] {"OrderId":"132","Amount":1626390,"DATA":{"Email":"dartem.v@gmail.com","Connection_type":"opencart v3"},"Language":"en"}
[Mon Nov 09 09:21:49 2020] {"Success":true,"ErrorCode":"0","TerminalKey":"1603298225827DEMO","Status":"NEW","PaymentId":"357224120","OrderId":"132","Amount":1626390,"PaymentURL":"https://securepay.tinkoff.ru/new/BRhprbBD"}
[Mon Nov 09 09:22:12 2020] {"OrderId":"133","Amount":1627696,"DATA":{"Email":"dartem.v@gmail.com","Connection_type":"opencart v3"},"Language":"en"}
[Mon Nov 09 09:22:12 2020] {"Success":true,"ErrorCode":"0","TerminalKey":"1603298225827DEMO","Status":"NEW","PaymentId":"357224393","OrderId":"133","Amount":1627696,"PaymentURL":"https://securepay.tinkoff.ru/new/TXvnvmTk"}
[Mon Nov 09 10:26:41 2020] {"OrderId":"134","Amount":1627696,"DATA":{"Email":"dartem.v@gmail.com","Connection_type":"opencart v3"},"Language":"en"}
[Mon Nov 09 10:26:41 2020] {"Success":true,"ErrorCode":"0","TerminalKey":"1603298225827DEMO","Status":"NEW","PaymentId":"357264133","OrderId":"134","Amount":1627696,"PaymentURL":"https://securepay.tinkoff.ru/new/4zt07Uo4"}
[Mon Nov 09 10:27:37 2020] {"OrderId":"135","Amount":1626390,"DATA":{"Email":"dartem.v@gmail.com","Connection_type":"opencart v3"},"Language":"en"}
[Mon Nov 09 10:27:37 2020] {"Success":true,"ErrorCode":"0","TerminalKey":"1603298225827DEMO","Status":"NEW","PaymentId":"357264758","OrderId":"135","Amount":1626390,"PaymentURL":"https://securepay.tinkoff.ru/new/Vhhq3VTX"}
[Mon Nov 09 10:29:47 2020] {"OrderId":"136","Amount":1627696,"DATA":{"Email":"dartem.v@gmail.com","Connection_type":"opencart v3"},"Language":"en"}
[Mon Nov 09 10:29:47 2020] {"Success":true,"ErrorCode":"0","TerminalKey":"1603298225827DEMO","Status":"NEW","PaymentId":"357266060","OrderId":"136","Amount":1627696,"PaymentURL":"https://securepay.tinkoff.ru/new/f28kltpo"}
[Mon Nov 09 13:28:27 2020] {"OrderId":"137","Amount":1627696,"DATA":{"Email":"dartem.v@gmail.com","Connection_type":"opencart v3"},"Language":"en"}
[Mon Nov 09 13:28:27 2020] {"Success":true,"ErrorCode":"0","TerminalKey":"1603298225827DEMO","Status":"NEW","PaymentId":"357391292","OrderId":"137","Amount":1627696,"PaymentURL":"https://securepay.tinkoff.ru/new/PNbTnHhu"}
[Mon Nov 09 13:41:25 2020] {"OrderId":"138","Amount":1627696,"DATA":{"Email":"dartem.v@gmail.com","Connection_type":"opencart v3"},"Language":"en"}
[Mon Nov 09 13:41:25 2020] {"Success":true,"ErrorCode":"0","TerminalKey":"1603298225827DEMO","Status":"NEW","PaymentId":"357399756","OrderId":"138","Amount":1627696,"PaymentURL":"https://securepay.tinkoff.ru/new/uBPtEHfe"}
[Mon Nov 09 13:44:16 2020] {"OrderId":"139","Amount":1627696,"DATA":{"Email":"dartem.v@gmail.com","Connection_type":"opencart v3"},"Language":"en"}
[Mon Nov 09 13:44:16 2020] {"Success":true,"ErrorCode":"0","TerminalKey":"1603298225827DEMO","Status":"NEW","PaymentId":"357401852","OrderId":"139","Amount":1627696,"PaymentURL":"https://securepay.tinkoff.ru/new/ySF4ET0G"}
[Mon Nov 09 13:44:58 2020] {"OrderId":"140","Amount":1627696,"DATA":{"Email":"dartem.v@gmail.com","Connection_type":"opencart v3"},"Language":"en"}
[Mon Nov 09 13:44:58 2020] {"Success":true,"ErrorCode":"0","TerminalKey":"1603298225827DEMO","Status":"NEW","PaymentId":"357402328","OrderId":"140","Amount":1627696,"PaymentURL":"https://securepay.tinkoff.ru/new/TKe0aeAQ"}
[Mon Nov 09 13:45:38 2020] {"OrderId":"141","Amount":1627696,"DATA":{"Email":"dartem.v@gmail.com","Connection_type":"opencart v3"},"Language":"en"}
[Mon Nov 09 13:45:38 2020] {"Success":true,"ErrorCode":"0","TerminalKey":"1603298225827DEMO","Status":"NEW","PaymentId":"357402858","OrderId":"141","Amount":1627696,"PaymentURL":"https://securepay.tinkoff.ru/new/ZoNk63Z6"}
[Mon Nov 09 13:48:28 2020] {"OrderId":"142","Amount":1627696,"DATA":{"Email":"dartem.v@gmail.com","Connection_type":"opencart v3"},"Language":"en"}
[Mon Nov 09 13:48:29 2020] {"Success":true,"ErrorCode":"0","TerminalKey":"1603298225827DEMO","Status":"NEW","PaymentId":"357404837","OrderId":"142","Amount":1627696,"PaymentURL":"https://securepay.tinkoff.ru/new/NIYFm851"}
[Mon Nov 09 13:50:12 2020] {"OrderId":"143","Amount":1627696,"DATA":{"Email":"dartem.v@gmail.com","Connection_type":"opencart v3"},"Language":"en"}
[Mon Nov 09 13:50:12 2020] {"Success":true,"ErrorCode":"0","TerminalKey":"1603298225827DEMO","Status":"NEW","PaymentId":"357406091","OrderId":"143","Amount":1627696,"PaymentURL":"https://securepay.tinkoff.ru/new/5wkS0Atk"}
[Mon Nov 09 13:51:03 2020] {"OrderId":"144","Amount":1627696,"DATA":{"Email":"dartem.v@gmail.com","Connection_type":"opencart v3"},"Language":"en"}
[Mon Nov 09 13:51:03 2020] {"Success":true,"ErrorCode":"0","TerminalKey":"1603298225827DEMO","Status":"NEW","PaymentId":"357406718","OrderId":"144","Amount":1627696,"PaymentURL":"https://securepay.tinkoff.ru/new/pkrBqcpf"}
[Mon Nov 09 13:53:35 2020] {"OrderId":"145","Amount":1627696,"DATA":{"Email":"dartem.v@gmail.com","Connection_type":"opencart v3"},"Language":"en"}
[Mon Nov 09 13:53:35 2020] {"Success":true,"ErrorCode":"0","TerminalKey":"1603298225827DEMO","Status":"NEW","PaymentId":"357408559","OrderId":"145","Amount":1627696,"PaymentURL":"https://securepay.tinkoff.ru/new/WooPa6u9"}
[Mon Nov 09 13:57:22 2020] {"OrderId":"146","Amount":1627696,"DATA":{"Email":"dartem.v@gmail.com","Connection_type":"opencart v3"},"Language":"en"}
[Mon Nov 09 13:57:22 2020] {"Success":true,"ErrorCode":"0","TerminalKey":"1603298225827DEMO","Status":"NEW","PaymentId":"357411236","OrderId":"146","Amount":1627696,"PaymentURL":"https://securepay.tinkoff.ru/new/zsa4BUe3"}
[Mon Nov 09 13:57:26 2020] {"OrderId":"147","Amount":1627696,"DATA":{"Email":"dartem.v@gmail.com","Connection_type":"opencart v3"},"Language":"en"}
[Mon Nov 09 13:57:26 2020] {"Success":true,"ErrorCode":"0","TerminalKey":"1603298225827DEMO","Status":"NEW","PaymentId":"357411284","OrderId":"147","Amount":1627696,"PaymentURL":"https://securepay.tinkoff.ru/new/p2l47HDK"}
[Mon Nov 09 13:57:41 2020] {"OrderId":"148","Amount":1626390,"DATA":{"Email":"dartem.v@gmail.com","Connection_type":"opencart v3"},"Language":"en"}
[Mon Nov 09 13:57:41 2020] {"Success":true,"ErrorCode":"0","TerminalKey":"1603298225827DEMO","Status":"NEW","PaymentId":"357411472","OrderId":"148","Amount":1626390,"PaymentURL":"https://securepay.tinkoff.ru/new/FpJnIpHY"}
[Mon Nov 09 14:01:53 2020] {"OrderId":"149","Amount":1627696,"DATA":{"Email":"dartem.v@gmail.com","Connection_type":"opencart v3"},"Language":"en"}
[Mon Nov 09 14:01:53 2020] {"Success":true,"ErrorCode":"0","TerminalKey":"1603298225827DEMO","Status":"NEW","PaymentId":"357414202","OrderId":"149","Amount":1627696,"PaymentURL":"https://securepay.tinkoff.ru/new/bVPDwt79"}
[Mon Nov 09 14:03:13 2020] {"OrderId":"150","Amount":1627696,"DATA":{"Email":"dartem.v@gmail.com","Connection_type":"opencart v3"},"Language":"en"}
[Mon Nov 09 14:03:13 2020] {"Success":true,"ErrorCode":"0","TerminalKey":"1603298225827DEMO","Status":"NEW","PaymentId":"357415325","OrderId":"150","Amount":1627696,"PaymentURL":"https://securepay.tinkoff.ru/new/ec6eYUay"}
[Mon Nov 09 14:09:02 2020] {"OrderId":"151","Amount":1626390,"DATA":{"Email":"dartem.v@gmail.com","Connection_type":"opencart v3"},"Language":"en"}
[Mon Nov 09 14:09:02 2020] {"Success":true,"ErrorCode":"0","TerminalKey":"1603298225827DEMO","Status":"NEW","PaymentId":"357420098","OrderId":"151","Amount":1626390,"PaymentURL":"https://securepay.tinkoff.ru/new/FaxNTWNC"}
[Mon Nov 09 14:09:17 2020] {"OrderId":"152","Amount":1627696,"DATA":{"Email":"dartem.v@gmail.com","Connection_type":"opencart v3"},"Language":"en"}
[Mon Nov 09 14:09:17 2020] {"Success":true,"ErrorCode":"0","TerminalKey":"1603298225827DEMO","Status":"NEW","PaymentId":"357420331","OrderId":"152","Amount":1627696,"PaymentURL":"https://securepay.tinkoff.ru/new/cP2wjrgH"}
[Mon Nov 09 14:10:24 2020] {"OrderId":"153","Amount":1627696,"DATA":{"Email":"dartem.v@gmail.com","Connection_type":"opencart v3"},"Language":"en"}
[Mon Nov 09 14:10:24 2020] {"Success":true,"ErrorCode":"0","TerminalKey":"1603298225827DEMO","Status":"NEW","PaymentId":"357421178","OrderId":"153","Amount":1627696,"PaymentURL":"https://securepay.tinkoff.ru/new/Q373kXSE"}
[Mon Nov 09 14:10:48 2020] {"OrderId":"154","Amount":1626390,"DATA":{"Email":"dartem.v@gmail.com","Connection_type":"opencart v3"},"Language":"en"}
[Mon Nov 09 14:10:48 2020] {"Success":true,"ErrorCode":"0","TerminalKey":"1603298225827DEMO","Status":"NEW","PaymentId":"357421442","OrderId":"154","Amount":1626390,"PaymentURL":"https://securepay.tinkoff.ru/new/0Dbf6lf5"}
[Mon Nov 09 14:12:22 2020] {"OrderId":"155","Amount":1626390,"DATA":{"Email":"dartem.v@gmail.com","Connection_type":"opencart v3"},"Language":"en"}
[Mon Nov 09 14:12:22 2020] {"Success":true,"ErrorCode":"0","TerminalKey":"1603298225827DEMO","Status":"NEW","PaymentId":"357422621","OrderId":"155","Amount":1626390,"PaymentURL":"https://securepay.tinkoff.ru/new/wJnCjTYl"}
[Mon Nov 09 14:14:32 2020] {"OrderId":"156","Amount":1627696,"DATA":{"Email":"dartem.v@gmail.com","Connection_type":"opencart v3"},"Language":"en"}
[Mon Nov 09 14:14:32 2020] {"Success":true,"ErrorCode":"0","TerminalKey":"1603298225827DEMO","Status":"NEW","PaymentId":"357424223","OrderId":"156","Amount":1627696,"PaymentURL":"https://securepay.tinkoff.ru/new/4xyDIiao"}
[Mon Nov 09 14:18:39 2020] {"OrderId":"157","Amount":1626390,"DATA":{"Email":"dartem.v@gmail.com","Connection_type":"opencart v3"},"Language":"en"}
[Mon Nov 09 14:18:39 2020] {"Success":true,"ErrorCode":"0","TerminalKey":"1603298225827DEMO","Status":"NEW","PaymentId":"357427103","OrderId":"157","Amount":1626390,"PaymentURL":"https://securepay.tinkoff.ru/new/HQ8BCSwl"}
[Mon Nov 09 14:27:36 2020] {"OrderId":"158","Amount":1627696,"DATA":{"Email":"dartem.v@gmail.com","Connection_type":"opencart v3"},"Language":"en"}
[Mon Nov 09 14:27:36 2020] {"Success":true,"ErrorCode":"0","TerminalKey":"1603298225827DEMO","Status":"NEW","PaymentId":"357432840","OrderId":"158","Amount":1627696,"PaymentURL":"https://securepay.tinkoff.ru/new/F6szxluK"}
[Mon Nov 09 14:27:45 2020] {"OrderId":"159","Amount":1627696,"DATA":{"Email":"dartem.v@gmail.com","Connection_type":"opencart v3"},"Language":"en"}
[Mon Nov 09 14:27:45 2020] {"Success":true,"ErrorCode":"0","TerminalKey":"1603298225827DEMO","Status":"NEW","PaymentId":"357432927","OrderId":"159","Amount":1627696,"PaymentURL":"https://securepay.tinkoff.ru/new/atSpUIlU"}
[Thu Nov 12 06:06:21 2020] {"OrderId":"160","Amount":630316,"DATA":{"Email":"penev.vladislav@gmail.com","Connection_type":"opencart v3"},"Language":"en"}
[Thu Nov 12 06:06:21 2020] {"Success":true,"ErrorCode":"0","TerminalKey":"1603298225827DEMO","Status":"NEW","PaymentId":"360310060","OrderId":"160","Amount":630316,"PaymentURL":"https://securepay.tinkoff.ru/new/hd1cxBxH"}
